2025-05-09 09:31:19,726 - INFO - Starting tomato greenhouse heatwave and DDoS attack simulation
2025-05-09 09:31:19,726 - INFO - Monitoring baseline temperature for tomato greenhouse...
2025-05-09 09:31:20,288 - INFO - Normal Operation: Reported temp: 22.03°C, Actual: 21.74°C, CPU: 0%
2025-05-09 09:31:25,325 - INFO - Normal Operation: Reported temp: 22.33°C, Actual: 22.12°C, CPU: 0%
2025-05-09 09:31:30,423 - INFO - Normal Operation: Reported temp: 22.61°C, Actual: 23.04°C, CPU: 0%
2025-05-09 09:31:35,690 - INFO - Normal Operation: Reported temp: 22.91°C, Actual: 22.94°C, CPU: 0%
2025-05-09 09:31:40,732 - INFO - Normal Operation: Reported temp: 22.78°C, Actual: 22.87°C, CPU: 0%
2025-05-09 09:31:45,773 - INFO - Normal Operation: Reported temp: 23.06°C, Actual: 22.64°C, CPU: 0%
2025-05-09 09:31:50,775 - INFO - Starting simulated heatwave for tomato greenhouse...
2025-05-09 09:31:50,805 - INFO - Heatwave event activated successfully: heatwave_1746772310
2025-05-09 09:31:50,808 - INFO - Event will end at: 2025-05-09T06:33:20.818788
2025-05-09 09:31:50,858 - INFO - Heatwave: Reported temp: 22.07°C, Actual: 22.03°C, CPU: 0%
2025-05-09 09:31:55,958 - INFO - Heatwave: Reported temp: 39.63°C, Actual: 39.40117426269037°C, CPU: 0%
2025-05-09 09:32:01,033 - INFO - Heatwave: Reported temp: 33.79°C, Actual: 34.01223870281781°C, CPU: 0%
2025-05-09 09:32:06,084 - INFO - Heatwave: Reported temp: 35.81°C, Actual: 35.52819377495835°C, CPU: 0%
2025-05-09 09:32:11,142 - INFO - Heatwave: Reported temp: 33.73°C, Actual: 33.76705579707142°C, CPU: 0%
2025-05-09 09:32:16,191 - INFO - Heatwave: Reported temp: 40.0°C, Actual: 39.94272867450914°C, CPU: 0%
2025-05-09 09:32:21,198 - INFO - Initiating DDoS attack from sensor...
2025-05-09 09:32:21,253 - INFO - DDoS attack initiation response: 200
2025-05-09 09:32:21,254 - INFO - Setting sensor to stuck fault mode...
2025-05-09 09:32:21,287 - INFO - Fault simulation response: 200
2025-05-09 09:32:21,375 - INFO - Attack Active: Reported temp: 24.51°C, Actual: 39.60921560255602°C, CPU: 0%
2025-05-09 09:32:26,487 - INFO - Attack Active: Reported temp: 24.51°C, Actual: 39.569965758432545°C, CPU: 0%
2025-05-09 09:32:31,565 - INFO - Attack Active: Reported temp: 24.51°C, Actual: 39.34982497682131°C, CPU: 0%
2025-05-09 09:32:36,608 - INFO - Attack Active: Reported temp: 24.51°C, Actual: 41.25611105087391°C, CPU: 0%
2025-05-09 09:32:41,695 - INFO - Attack Active: Reported temp: 24.51°C, Actual: 41.54967581988973°C, CPU: 0%
2025-05-09 09:32:46,745 - INFO - Attack Active: Reported temp: 24.51°C, Actual: 35.82691307887506°C, CPU: 0%
2025-05-09 09:32:51,797 - INFO - Attack Active: Reported temp: 24.51°C, Actual: 40.612359990370095°C, CPU: 0%
2025-05-09 09:32:56,843 - INFO - Attack Active: Reported temp: 24.51°C, Actual: 42.43420521365233°C, CPU: 0%
2025-05-09 09:33:01,903 - INFO - Attack Active: Reported temp: 24.51°C, Actual: 41.80498996236214°C, CPU: 0%
2025-05-09 09:33:06,952 - INFO - Attack Active: Reported temp: 24.51°C, Actual: 42.964288765258146°C, CPU: 0%
2025-05-09 09:33:12,019 - INFO - Attack Active: Reported temp: 24.51°C, Actual: 34.4514072070543°C, CPU: 0%
2025-05-09 09:33:17,069 - INFO - Attack Active: Reported temp: 24.51°C, Actual: 39.181874743139495°C, CPU: 0%
2025-05-09 09:33:22,071 - INFO - Creating visualization of tomato greenhouse scenario...
2025-05-09 09:33:26,481 - INFO - Visualization saved to tomato_greenhouse_ddos_attack_20250509_093323.png
2025-05-09 09:33:26,504 - INFO - Data saved to tomato_greenhouse_ddos_attack_data_20250509_093323.csv
2025-05-09 09:33:26,522 - INFO - Cleaned up Cleared 0 weather events
2025-05-09 09:33:26,547 - INFO - Sensor faults cleared successfully.
2025-05-09 09:33:26,548 - INFO - Scenario complete. Estimated yield impact: 0.6%
2025-05-09 09:33:26,549 - INFO - At temperatures exceeding 35°C, tomato plants experience heat stress affecting pollen viability
2025-05-09 09:33:26,551 - INFO - and fruit set, leading to the calculated yield reduction. In a commercial greenhouse,
2025-05-09 09:33:26,552 - INFO - this would translate to significant economic losses.
